ispLEVER Auto-Make Log File
---------------------------

Updating: Chip Report
Start to record tcl script...
Finished recording TCL script.

Starting: 'C:\ispLEVER_Classic2_0\ispcpld\bin\Synpwrap.exe -e address_decoder -target ispGAL -pro '

Copyright (c) 1991-2010 Lattice Semiconductor Corporation,  All rights reserved.
Version : 2.0.00.17.20.15

Done sucessfully with exit code 0.
#Build: Synplify Pro I-2014.03LC , Build 063R, May 27 2014
#install: C:\ispLEVER_Classic2_0\synpbase
#OS: Windows 7 6.1
#Hostname: ITK-D661

#Implementation: pongvhdl

$ Start of Compile
#Mon Sep 19 17:44:19 2016

Synopsys VHDL Compiler, version comp201403rcp1, Build 060R, built May 27 2014
@N|Running in 64-bit mode
Copyright (C) 1994-2014 Synopsys, Inc. This software and the associated documentation are proprietary to Synopsys, Inc. This software may only be used in accordance with the terms and conditions of a written license agreement with Synopsys, Inc.  All other use, reproduction, or distribution of this software is strictly prohibited.

@N: CD720 :"C:\ispLEVER_Classic2_0\synpbase\lib\vhd\std.vhd":123:18:123:21|Setting time resolution to ns
@N:"F:\pongvhdl\address_decoder.vhd":6:7:6:21|Top entity is set to address_decoder.

File Dependency file is up to date.  It will not be rewritten.

VHDL syntax check successful!

Compiler output is up to date.  No re-compile necessary

@N: CD630 :"F:\pongvhdl\address_decoder.vhd":6:7:6:21|Synthesizing work.address_decoder.behave 
Post processing for work.address_decoder.behave
@W: CL159 :"F:\pongvhdl\address_decoder.vhd":11:2:11:3|Input a8 is unused
@END

At c_vhdl Exit (Real Time elapsed 0h:00m:00s; CPU Time elapsed 0h:00m:00s; Memory used current: 68MB peak: 69MB)

Process took 0h:00m:01s realtime, 0h:00m:01s cputime
# Mon Sep 19 17:44:19 2016

###########################################################]
Synopsys Netlist Linker, version comp201403rcp1, Build 060R, built May 27 2014
@N|Running in 64-bit mode

Linker output is up to date. No re-linking necessary


At syn_nfilter Exit (Real Time elapsed 0h:00m:00s; CPU Time elapsed 0h:00m:00s; Memory used current: 67MB peak: 67MB)

Process took 0h:00m:01s realtime, 0h:00m:01s cputime
# Mon Sep 19 17:44:21 2016

###########################################################]
Map & Optimize Report

Synopsys CPLD Technology Mapper, Version maplat, Build 923R, Built May  6 2014
Copyright (C) 1994-2013, Synopsys, Inc. This software and the associated documentation are proprietary to Synopsys, Inc. This software may only be used in accordance with the terms and conditions of a written license agreement with Synopsys, Inc.  All other use or distribution of the software is strictly prohibited.
Product Version I-2014.03LC 
@N: MF248 |Running in 64-bit mode.
---------------------------------------
Resource Usage Report

Simple gate primitives:
IBUF            4 uses
OBUF            4 uses
INV             5 uses
AND2            3 uses


@N: FC100 |Timing Report not generated for this device, please use place and route tools for timing analysis.
I-2014.03LC 
Mapper successful!

At Mapper Exit (Real Time elapsed 0h:00m:00s; CPU Time elapsed 0h:00m:00s; Memory used current: 37MB peak: 102MB)

Process took 0h:00m:01s realtime, 0h:00m:01s cputime
# Mon Sep 19 17:44:22 2016

###########################################################]

Synplicity VHDL/Verilog HDL Synthesizer finished successfully

Done: completed successfully.

Starting: 'C:\ispLEVER_Classic2_0\ispcpld\bin\edif2blf.exe -edf "address_decoder.edi" -out "address_decoder.bl0" -err automake.err -log "address_decoder.log" -prj magne -lib "C:\ispLEVER_Classic2_0\ispcpld/dat/mach.edn" -cvt YES -net_Vcc VCC -net_GND GND -nb...'

Starting EDIF2BLIF....
readEDIF ended normally.

EDIF2BLIF: Warning: Remove floating instance: :
	a8

Inspect circuit address_decoder
    Number of input ports   : 4
    Number of output ports  : 4
    Number of bidir ports   : 0
    Number of instances     : 15
    Number of nets          : 18

No design errors found in circuit address_decoder

WriteBLIF ended normally.

Done: completed successfully.

Starting: 'C:\ispLEVER_Classic2_0\ispcpld\bin\iblifopt.exe "address_decoder.bl0" -red bypin choose -collapse -pterms 8 -family -err automake.err -gui'

BLIFOPT  Open-ABEL Optimizer 
ispLEVER Classic 2.0 Copyright(C), 1992-2005, Lattice Semiconductor Corporation. All rights reserved
Portions Copyright(c), 1992-1999, Vantis Corporation
Portions Copyright(C), 1993-1998, Data I/O Corporation
Portions Copyright(C), 1997-1998, MINC Washington Corporation
Portions Copyright(C), Alan Phillips, Lancaster University Computer Centre 1992-1998
U.C. Berkeley, SIS Ver. 1.0, supported by Lattice Semiconductor Corp.
Reading Open-ABEL 2 file address_decoder.bl0...
Node a10_i has been collapsed.
Node a9_c has been collapsed.
Node a9_i has been collapsed.
Node a10_c has been collapsed.
Node a11_i has been collapsed.
Node adc_cs_1 has been collapsed.
Node un1_oled_cs has been collapsed.
Node un1_oled_cs_i has been collapsed.
Node adc_cs_1_i has been collapsed.
Node a11_c has been collapsed.
Node oled_dc_c has been collapsed.
Performing 'bypin choose' optimization...
Writing Open-ABEL 2 (BLIF) file address_decoder.bl1...

BLIFOPT complete - 0 errors, 0 warnings. Time: 2 seconds

Done: completed successfully.

Starting: 'C:\ispLEVER_Classic2_0\ispcpld\bin\iblflink.exe "address_decoder.bl1" -o "magne.bl2" -omod address_decoder -family -err automake.err -gui'

BLIFLINK  Top-Down Design Linker
ispLEVER Classic 2.0 Copyright(C), 1992-2005, Lattice Semiconductor Corporation. All rights reserved
Portions Copyright(c), 1992-1999, Vantis Corporation
Portions Copyright(C), 1993-1998, Data I/O Corporation
Portions Copyright(C), 1997-1998, MINC Washington Corporation
Portions Copyright(C), Alan Phillips, Lancaster University Computer Centre 1992-1998

Top-level file: 'address_decoder.bl1'

Hierarchical BLIF: 'magne.bl2'

BLIFLINK complete.  Time: 1 second 

Done: completed successfully.

Starting: 'C:\ispLEVER_Classic2_0\ispcpld\bin\iblifopt.exe magne.bl2 -red bypin choose -sweep -collapse all -pterms 8 -err automake.err -gui'

BLIFOPT  Open-ABEL Optimizer 
ispLEVER Classic 2.0 Copyright(C), 1992-2005, Lattice Semiconductor Corporation. All rights reserved
Portions Copyright(c), 1992-1999, Vantis Corporation
Portions Copyright(C), 1993-1998, Data I/O Corporation
Portions Copyright(C), 1997-1998, MINC Washington Corporation
Portions Copyright(C), Alan Phillips, Lancaster University Computer Centre 1992-1998
U.C. Berkeley, SIS Ver. 1.0, supported by Lattice Semiconductor Corp.
Reading Open-ABEL 2 file magne.bl2...
Performing 'bypin choose' optimization...
Writing Open-ABEL 2 (BLIF) file magne.bl3...

BLIFOPT complete - 0 errors, 0 warnings. Time: 1 seconds

Done: completed successfully.

Starting: 'C:\ispLEVER_Classic2_0\ispcpld\bin\idiofft.exe magne.bl3 -pla -o magne.tt2 -dev p16v8 -define N -err automake.err -gui'

DIOFFT  Flip-Flop Transformation program
ispLEVER Classic 2.0 Copyright(C), 1992-2005, Lattice Semiconductor Corporation. All rights reserved
Portions Copyright(c), 1992-1999, Vantis Corporation
Portions Copyright(C), 1993-1998, Data I/O Corporation
Portions Copyright(C), 1997-1998, MINC Washington Corporation
Portions Copyright(C), Alan Phillips, Lancaster University Computer Centre 1992-1998
Input file: magne.bl3.
Output file: magne.tt2.
Cross reference file: magne.xrf.

Shortening signal names...
Writing signal name cross reference file magne.xrf... 

DIOFFT complete. - Time 1 seconds

Done: completed successfully.

Starting: 'C:\ispLEVER_Classic2_0\ispcpld\bin\fit.exe magne.tt2 -dev p16v8 -str -err automake.err -gui'

FIT  Generic Device Fitter
ispLEVER Classic 2.0 Copyright(C), 1992-2005, Lattice Semiconductor Corporation. All rights reserved
Portions Copyright(c), 1992-1999, Vantis Corporation
Portions Copyright(C), 1993-1998, Data I/O Corporation
Portions Copyright(C), 1997-1998, MINC Washington Corporation
Portions Copyright(C), Alan Phillips, Lancaster University Computer Centre 1992-1998
Input file: 'magne.tt2'
Device 'p16v8'
Note 4161: Using device architecture type P16V8AS.
Warning 4154:Signal 'a8' (pin 4) is not used in the design -
neither the signal nor its pin will be reassigned.
Design FITS
Pin-assigned pla: 'magne.tt3'

FIT complete.  Time: 1 second.

Done: completed successfully.

Starting: 'C:\ispLEVER_Classic2_0\ispcpld\bin\fuseasm.exe magne.tt3 -dev p16v8 -o magne.jed -ivec NoInput.tmv -rep magne.rpt -doc brief -con ptblown -for brief -err automake.err -gui'

FUSEASM  Fusemap Assembler
ispLEVER Classic 2.0 Copyright(C), 1992-2005, Lattice Semiconductor Corporation. All rights reserved
Portions Copyright(c), 1992-1999, Vantis Corporation
Portions Copyright(C), 1993-1998, Data I/O Corporation
Portions Copyright(C), 1997-1998, MINC Washington Corporation
Portions Copyright(C), Alan Phillips, Lancaster University Computer Centre 1992-1998
Note 5144: Could not open vector file NoInput.tmv

Input file: 'magne.tt3'
Device: 'P16V8AS'
Building model...
Choosing best polarities...
Mapping equations...
.
3 of 64 terms used; 0 vectors loaded
Programmer load file: 'magne.jed'
Generating report...
Report file: 'magne.rpt'

FUSEASM complete.  Time: 1 second 

Done: completed successfully.
