Running in Lattice mode


Starting:    C:\ispLEVER_Classic2_0\synpbase\win64\mbin\synbatch.exe
Install:     C:\ispLEVER_Classic2_0\synpbase
Date:        Mon Sep 19 17:44:18 2016
Version:     I-2014.03LC 

Arguments:   -product synplify_pro  -batch f:/pongvhdl\address_decoder.prj
ProductType: synplify_pro





log file: "F:\pongvhdl\address_decoder.srr"

Running address_decoder|pongvhdl

Running: Compile on address_decoder|pongvhdl

Running: Compile Process on address_decoder|pongvhdl

Running: Compile Input on address_decoder|pongvhdl
Copied F:\pongvhdl\synwork\address_decoder_comp.srs to F:\pongvhdl\address_decoder.srs
compiler Completed
Return Code: 0
Run Time:0h:00m:02s

Running: Multi-srs Generator on address_decoder|pongvhdl
Copied F:\pongvhdl\synwork\address_decoder_comp.srs to F:\pongvhdl\synwork\address_decoder_s.srs
multi_srs_gen Completed
Return Code: 0
Run Time:0h:00m:00s
Copied F:\pongvhdl\synwork\address_decoder_mult.srs to F:\pongvhdl\address_decoder.srs
Copied F:\pongvhdl\address_decoder.srr to F:\pongvhdl\address_decoder.srf
Complete: Compile Process on address_decoder|pongvhdl
Complete: Compile on address_decoder|pongvhdl

Running: Map on address_decoder|pongvhdl

Running: Map & Optimize on address_decoder|pongvhdl
fpga_mapper Completed
Return Code: 0
Run Time:0h:00m:01s
Complete: Map on address_decoder|pongvhdl
Copied F:\pongvhdl\address_decoder.srr to F:\pongvhdl\address_decoder.srf
Complete: Logic Synthesis on address_decoder|pongvhdl

exit status=0

exit status=0

